2026-06-20 11:51:56 [pool-4-thread-1] INFO  Server.ServerStrategySolveSearchProblem - Solve request received from thread [pool-4-thread-1] for maze with hashCode -2122912945.
2026-06-20 11:51:56 [pool-4-thread-1] INFO  Server.ServerStrategySolveSearchProblem - Cache miss - solved maze using BestFirstSearch algorithm. Solution has 16 steps. Cached to: C:\Users\noybo\AppData\Local\Temp\\-2122912945.solution
2026-06-20 11:52:03 [pool-4-thread-2] INFO  Server.ServerStrategySolveSearchProblem - Solve request received from thread [pool-4-thread-2] for maze with hashCode -2122912945.
2026-06-20 11:52:03 [pool-4-thread-2] INFO  Server.ServerStrategySolveSearchProblem - Cache hit - loaded existing solution from: C:\Users\noybo\AppData\Local\Temp\\-2122912945.solution
2026-06-20 12:03:01 [pool-4-thread-1] INFO  Server.ServerStrategySolveSearchProblem - Solve request received from thread [pool-4-thread-1] for maze with hashCode -218201147.
2026-06-20 12:03:01 [pool-4-thread-1] INFO  Server.ServerStrategySolveSearchProblem - Cache miss - solved maze using BestFirstSearch algorithm. Solution has 52 steps. Cached to: C:\Users\noybo\AppData\Local\Temp\\-218201147.solution
2026-06-20 12:03:03 [pool-4-thread-2] INFO  Server.ServerStrategySolveSearchProblem - Solve request received from thread [pool-4-thread-2] for maze with hashCode -218201147.
2026-06-20 12:03:03 [pool-4-thread-2] INFO  Server.ServerStrategySolveSearchProblem - Cache hit - loaded existing solution from: C:\Users\noybo\AppData\Local\Temp\\-218201147.solution
2026-06-20 14:07:31 [pool-4-thread-1] INFO  Server.ServerStrategySolveSearchProblem - Solve request received from thread [pool-4-thread-1] for maze with hashCode -366528754.
2026-06-20 14:07:31 [pool-4-thread-1] INFO  Server.ServerStrategySolveSearchProblem - Cache miss - solved maze using BestFirstSearch algorithm. Solution has 24 steps. Cached to: C:\Users\noybo\AppData\Local\Temp\\-366528754.solution
2026-06-20 14:07:33 [pool-4-thread-2] INFO  Server.ServerStrategySolveSearchProblem - Solve request received from thread [pool-4-thread-2] for maze with hashCode -366528754.
2026-06-20 14:07:33 [pool-4-thread-2] INFO  Server.ServerStrategySolveSearchProblem - Cache hit - loaded existing solution from: C:\Users\noybo\AppData\Local\Temp\\-366528754.solution
2026-06-20 14:25:46 [pool-4-thread-1] INFO  Server.ServerStrategySolveSearchProblem - Solve request received from thread [pool-4-thread-1] for maze with hashCode -1167650929.
2026-06-20 14:25:46 [pool-4-thread-1] INFO  Server.ServerStrategySolveSearchProblem - Cache miss - solved maze using BestFirstSearch algorithm. Solution has 22 steps. Cached to: C:\Users\noybo\AppData\Local\Temp\\-1167650929.solution
2026-06-23 13:06:43 [pool-4-thread-1] INFO  Server.ServerStrategySolveSearchProblem - Solve request received from thread [pool-4-thread-1] for maze with hashCode 776648463.
2026-06-23 13:06:43 [pool-4-thread-1] INFO  Server.ServerStrategySolveSearchProblem - Cache hit - loaded existing solution from: C:\Users\shira\AppData\Local\Temp\\776648463.solution
2026-06-23 13:28:49 [pool-4-thread-1] INFO  Server.ServerStrategySolveSearchProblem - Solve request received from thread [pool-4-thread-1] for maze with hashCode -2127888497.
2026-06-23 13:28:49 [pool-4-thread-1] INFO  Server.ServerStrategySolveSearchProblem - Cache miss - solved maze using BestFirstSearch algorithm. Solution has 14 steps. Cached to: C:\Users\shira\AppData\Local\Temp\\-2127888497.solution
2026-06-23 13:42:41 [pool-4-thread-1] INFO  Server.ServerStrategySolveSearchProblem - [client: 127.0.0.1:57097] Solve request received from thread [pool-4-thread-1] for maze with hashCode 867371855.
2026-06-23 13:42:41 [pool-4-thread-1] INFO  Server.ServerStrategySolveSearchProblem - [client: 127.0.0.1:57097] Cache miss - solved maze using BestFirstSearch algorithm. Solution has 15 steps. Cached to: C:\Users\shira\AppData\Local\Temp\\867371855.solution
